2023-10-21 12:02:54.490 TRACE 33692 --- [http-nio-9999-exec-2] c.e.demo.controller.UserController       : 我是 trace
2023-10-21 12:02:54.490 DEBUG 33692 --- [http-nio-9999-exec-2] c.e.demo.controller.UserController       : 我是 debug
2023-10-21 12:02:54.490  INFO 33692 --- [http-nio-9999-exec-2] c.e.demo.controller.UserController       : 我是 info
2023-10-21 12:02:54.490  WARN 33692 --- [http-nio-9999-exec-2] c.e.demo.controller.UserController       : 我是 warn
2023-10-21 12:02:54.490 ERROR 33692 --- [http-nio-9999-exec-2] c.e.demo.controller.UserController       : 我是 error
2023-10-21 12:11:49.964 TRACE 15712 --- [http-nio-9999-exec-1] c.e.demo.controller.ArticleController    : 我是 slf4j 的 trace
2023-10-21 12:11:49.965 DEBUG 15712 --- [http-nio-9999-exec-1] c.e.demo.controller.ArticleController    : 我是 slf4j 的 debug
2023-10-21 12:11:49.966  INFO 15712 --- [http-nio-9999-exec-1] c.e.demo.controller.ArticleController    : 我是 slf4j 的 iNfo
2023-10-21 12:24:06.283 ERROR 15712 --- [restartedMain] o.s.b.d.LoggingFailureAnalysisReporter   : 

***************************
APPLICATION FAILED TO START
***************************

Description:

Parameter 0 of constructor in com.example.demo.Student required a bean of type 'java.lang.String' that could not be found.


Action:

Consider defining a bean of type 'java.lang.String' in your configuration.
Consider adding @ConstructorBinding to com.example.demo.Student if you intended to use constructor-based configuration property binding.

2023-10-21 12:24:07.925 ERROR 15712 --- [restartedMain] o.s.b.d.LoggingFailureAnalysisReporter   : 

***************************
APPLICATION FAILED TO START
***************************

Description:

Parameter 0 of constructor in com.example.demo.Student required a bean of type 'java.lang.String' that could not be found.


Action:

Consider defining a bean of type 'java.lang.String' in your configuration.
Consider adding @ConstructorBinding to com.example.demo.Student if you intended to use constructor-based configuration property binding.

2023-10-21 12:24:26.771 ERROR 15712 --- [restartedMain] o.s.b.d.LoggingFailureAnalysisReporter   : 

***************************
APPLICATION FAILED TO START
***************************

Description:

Field student in com.example.demo.TestController required a bean of type 'com.example.demo.Student' that could not be found.

The injection point has the following annotations:
	- @org.springframework.beans.factory.annotation.Autowired(required=true)


Action:

Consider defining a bean of type 'com.example.demo.Student' in your configuration.

2023-10-21 12:24:28.394 ERROR 15712 --- [restartedMain] o.s.b.d.LoggingFailureAnalysisReporter   : 

***************************
APPLICATION FAILED TO START
***************************

Description:

Parameter 0 of constructor in com.example.demo.Student required a bean of type 'java.lang.String' that could not be found.


Action:

Consider defining a bean of type 'java.lang.String' in your configuration.
Consider adding @ConstructorBinding to com.example.demo.Student if you intended to use constructor-based configuration property binding.

