2024-02-29 09:45:16.818  INFO 36280 --- [main] com.bite.blog.SpringBlogApplication      : Starting SpringBlogApplication using Java 1.8.0_192 on 马尔科686 with PID 36280 (D:\代码gitee\java_code\spring-blog\target\classes started by 李凯轩 in D:\代码gitee\java_code\spring-blog)
2024-02-29 09:45:16.826  INFO 36280 --- [main] com.bite.blog.SpringBlogApplication      : The following 1 profile is active: "dev"
2024-02-29 09:45:18.086  INFO 36280 --- [main] o.s.b.w.embedded.tomcat.TomcatWebServer  : Tomcat initialized with port(s): 8080 (http)
2024-02-29 09:45:18.094  INFO 36280 --- [main] o.apache.catalina.core.StandardService   : Starting service [Tomcat]
2024-02-29 09:45:18.094  INFO 36280 --- [main] org.apache.catalina.core.StandardEngine  : Starting Servlet engine: [Apache Tomcat/9.0.82]
2024-02-29 09:45:18.219  INFO 36280 --- [main] o.a.c.c.C.[Tomcat].[localhost].[/]       : Initializing Spring embedded WebApplicationContext
2024-02-29 09:45:18.219  INFO 36280 --- [main] w.s.c.ServletWebServerApplicationContext : Root WebApplicationContext: initialization completed in 1360 ms
2024-02-29 09:45:18.902  INFO 36280 --- [main] o.s.b.w.embedded.tomcat.TomcatWebServer  : Tomcat started on port(s): 8080 (http) with context path ''
2024-02-29 09:45:18.915  INFO 36280 --- [main] com.bite.blog.SpringBlogApplication      : Started SpringBlogApplication in 2.493 seconds (JVM running for 2.894)
2024-02-29 09:45:51.971  INFO 36280 --- [http-nio-8080-exec-2] o.a.c.c.C.[Tomcat].[localhost].[/]       : Initializing Spring DispatcherServlet 'dispatcherServlet'
2024-02-29 09:45:51.971  INFO 36280 --- [http-nio-8080-exec-2] o.s.web.servlet.DispatcherServlet        : Initializing Servlet 'dispatcherServlet'
2024-02-29 09:45:51.975  INFO 36280 --- [http-nio-8080-exec-2] o.s.web.servlet.DispatcherServlet        : Completed initialization in 4 ms
2024-02-29 09:45:51.995  INFO 36280 --- [http-nio-8080-exec-2] com.bite.blog.config.LoginInterceptor    : 从header中获取token, token:null
2024-02-29 09:45:57.179  INFO 36280 --- [http-nio-8080-exec-1] com.zaxxer.hikari.HikariDataSource       : HikariPool-1 - Starting...
2024-02-29 09:45:57.307  INFO 36280 --- [http-nio-8080-exec-1] com.zaxxer.hikari.HikariDataSource       : HikariPool-1 - Start completed.
2024-02-29 09:48:38.353  INFO 36280 --- [SpringApplicationShutdownHook] com.zaxxer.hikari.HikariDataSource       : HikariPool-1 - Shutdown initiated...
2024-02-29 09:48:38.367  INFO 36280 --- [SpringApplicationShutdownHook] com.zaxxer.hikari.HikariDataSource       : HikariPool-1 - Shutdown completed.
2024-02-29 09:48:43.062  INFO 42640 --- [main] com.bite.blog.SpringBlogApplication      : Starting SpringBlogApplication using Java 1.8.0_192 on 马尔科686 with PID 42640 (D:\代码gitee\java_code\spring-blog\target\classes started by 李凯轩 in D:\代码gitee\java_code\spring-blog)
2024-02-29 09:48:43.066  INFO 42640 --- [main] com.bite.blog.SpringBlogApplication      : The following 1 profile is active: "dev"
2024-02-29 09:48:44.272  INFO 42640 --- [main] o.s.b.w.embedded.tomcat.TomcatWebServer  : Tomcat initialized with port(s): 8080 (http)
2024-02-29 09:48:44.280  INFO 42640 --- [main] o.apache.catalina.core.StandardService   : Starting service [Tomcat]
2024-02-29 09:48:44.280  INFO 42640 --- [main] org.apache.catalina.core.StandardEngine  : Starting Servlet engine: [Apache Tomcat/9.0.82]
2024-02-29 09:48:44.409  INFO 42640 --- [main] o.a.c.c.C.[Tomcat].[localhost].[/]       : Initializing Spring embedded WebApplicationContext
2024-02-29 09:48:44.409  INFO 42640 --- [main] w.s.c.ServletWebServerApplicationContext : Root WebApplicationContext: initialization completed in 1315 ms
2024-02-29 09:48:44.965  INFO 42640 --- [main] o.s.b.w.embedded.tomcat.TomcatWebServer  : Tomcat started on port(s): 8080 (http) with context path ''
2024-02-29 09:48:44.973  INFO 42640 --- [main] com.bite.blog.SpringBlogApplication      : Started SpringBlogApplication in 2.255 seconds (JVM running for 2.684)
2024-02-29 09:50:04.692  INFO 40892 --- [main] com.bite.blog.SpringBlogApplication      : Starting SpringBlogApplication using Java 1.8.0_192 on 马尔科686 with PID 40892 (D:\代码gitee\java_code\spring-blog\target\classes started by 李凯轩 in D:\代码gitee\java_code\spring-blog)
2024-02-29 09:50:04.696  INFO 40892 --- [main] com.bite.blog.SpringBlogApplication      : The following 1 profile is active: "dev"
2024-02-29 09:50:05.905  INFO 40892 --- [main] o.s.b.w.embedded.tomcat.TomcatWebServer  : Tomcat initialized with port(s): 8080 (http)
2024-02-29 09:50:05.913  INFO 40892 --- [main] o.apache.catalina.core.StandardService   : Starting service [Tomcat]
2024-02-29 09:50:05.913  INFO 40892 --- [main] org.apache.catalina.core.StandardEngine  : Starting Servlet engine: [Apache Tomcat/9.0.82]
2024-02-29 09:50:06.032  INFO 40892 --- [main] o.a.c.c.C.[Tomcat].[localhost].[/]       : Initializing Spring embedded WebApplicationContext
2024-02-29 09:50:06.032  INFO 40892 --- [main] w.s.c.ServletWebServerApplicationContext : Root WebApplicationContext: initialization completed in 1303 ms
2024-02-29 09:50:06.542  INFO 40892 --- [main] o.s.b.w.embedded.tomcat.TomcatWebServer  : Tomcat started on port(s): 8080 (http) with context path ''
2024-02-29 09:50:06.550  INFO 40892 --- [main] com.bite.blog.SpringBlogApplication      : Started SpringBlogApplication in 2.23 seconds (JVM running for 2.615)
2024-02-29 09:50:09.721  INFO 40892 --- [http-nio-8080-exec-2] o.a.c.c.C.[Tomcat].[localhost].[/]       : Initializing Spring DispatcherServlet 'dispatcherServlet'
2024-02-29 09:50:09.721  INFO 40892 --- [http-nio-8080-exec-2] o.s.web.servlet.DispatcherServlet        : Initializing Servlet 'dispatcherServlet'
2024-02-29 09:50:09.725  INFO 40892 --- [http-nio-8080-exec-2] o.s.web.servlet.DispatcherServlet        : Completed initialization in 4 ms
2024-02-29 09:50:09.746  INFO 40892 --- [http-nio-8080-exec-2] com.bite.blog.config.LoginInterceptor    : 从header中获取token, token:null
2024-02-29 09:50:14.223  INFO 40892 --- [http-nio-8080-exec-1] com.zaxxer.hikari.HikariDataSource       : HikariPool-1 - Starting...
2024-02-29 09:50:14.355  INFO 40892 --- [http-nio-8080-exec-1] com.zaxxer.hikari.HikariDataSource       : HikariPool-1 - Start completed.
2024-02-29 09:50:48.414  INFO 40892 --- [SpringApplicationShutdownHook] com.zaxxer.hikari.HikariDataSource       : HikariPool-1 - Shutdown initiated...
2024-02-29 09:50:48.422  INFO 40892 --- [SpringApplicationShutdownHook] com.zaxxer.hikari.HikariDataSource       : HikariPool-1 - Shutdown completed.
2024-02-29 09:50:52.316  INFO 23748 --- [main] com.bite.blog.SpringBlogApplication      : Starting SpringBlogApplication using Java 1.8.0_192 on 马尔科686 with PID 23748 (D:\代码gitee\java_code\spring-blog\target\classes started by 李凯轩 in D:\代码gitee\java_code\spring-blog)
2024-02-29 09:50:52.320  INFO 23748 --- [main] com.bite.blog.SpringBlogApplication      : The following 1 profile is active: "dev"
2024-02-29 09:50:53.545  INFO 23748 --- [main] o.s.b.w.embedded.tomcat.TomcatWebServer  : Tomcat initialized with port(s): 8080 (http)
2024-02-29 09:50:53.553  INFO 23748 --- [main] o.apache.catalina.core.StandardService   : Starting service [Tomcat]
2024-02-29 09:50:53.553  INFO 23748 --- [main] org.apache.catalina.core.StandardEngine  : Starting Servlet engine: [Apache Tomcat/9.0.82]
2024-02-29 09:50:53.678  INFO 23748 --- [main] o.a.c.c.C.[Tomcat].[localhost].[/]       : Initializing Spring embedded WebApplicationContext
2024-02-29 09:50:53.678  INFO 23748 --- [main] w.s.c.ServletWebServerApplicationContext : Root WebApplicationContext: initialization completed in 1324 ms
2024-02-29 09:50:54.193  INFO 23748 --- [main] o.s.b.w.embedded.tomcat.TomcatWebServer  : Tomcat started on port(s): 8080 (http) with context path ''
2024-02-29 09:50:54.205  INFO 23748 --- [main] com.bite.blog.SpringBlogApplication      : Started SpringBlogApplication in 2.246 seconds (JVM running for 2.618)
2024-02-29 09:50:54.363  INFO 23748 --- [http-nio-8080-exec-2] o.a.c.c.C.[Tomcat].[localhost].[/]       : Initializing Spring DispatcherServlet 'dispatcherServlet'
2024-02-29 09:50:54.363  INFO 23748 --- [http-nio-8080-exec-2] o.s.web.servlet.DispatcherServlet        : Initializing Servlet 'dispatcherServlet'
2024-02-29 09:50:54.363  INFO 23748 --- [http-nio-8080-exec-2] o.s.web.servlet.DispatcherServlet        : Completed initialization in 0 ms
2024-02-29 09:50:54.404  INFO 23748 --- [http-nio-8080-exec-2] com.zaxxer.hikari.HikariDataSource       : HikariPool-1 - Starting...
2024-02-29 09:50:54.534  INFO 23748 --- [http-nio-8080-exec-2] com.zaxxer.hikari.HikariDataSource       : HikariPool-1 - Start completed.
2024-02-29 09:51:16.815  INFO 23748 --- [SpringApplicationShutdownHook] com.zaxxer.hikari.HikariDataSource       : HikariPool-1 - Shutdown initiated...
2024-02-29 09:51:16.824  INFO 23748 --- [SpringApplicationShutdownHook] com.zaxxer.hikari.HikariDataSource       : HikariPool-1 - Shutdown completed.
2024-02-29 09:51:20.645  INFO 21872 --- [main] com.bite.blog.SpringBlogApplication      : Starting SpringBlogApplication using Java 1.8.0_192 on 马尔科686 with PID 21872 (D:\代码gitee\java_code\spring-blog\target\classes started by 李凯轩 in D:\代码gitee\java_code\spring-blog)
2024-02-29 09:51:20.649  INFO 21872 --- [main] com.bite.blog.SpringBlogApplication      : The following 1 profile is active: "dev"
2024-02-29 09:51:21.801  INFO 21872 --- [main] o.s.b.w.embedded.tomcat.TomcatWebServer  : Tomcat initialized with port(s): 8080 (http)
2024-02-29 09:51:21.809  INFO 21872 --- [main] o.apache.catalina.core.StandardService   : Starting service [Tomcat]
2024-02-29 09:51:21.809  INFO 21872 --- [main] org.apache.catalina.core.StandardEngine  : Starting Servlet engine: [Apache Tomcat/9.0.82]
2024-02-29 09:51:21.925  INFO 21872 --- [main] o.a.c.c.C.[Tomcat].[localhost].[/]       : Initializing Spring embedded WebApplicationContext
2024-02-29 09:51:21.925  INFO 21872 --- [main] w.s.c.ServletWebServerApplicationContext : Root WebApplicationContext: initialization completed in 1243 ms
2024-02-29 09:51:22.409  INFO 21872 --- [main] o.s.b.w.embedded.tomcat.TomcatWebServer  : Tomcat started on port(s): 8080 (http) with context path ''
2024-02-29 09:51:22.417  INFO 21872 --- [main] com.bite.blog.SpringBlogApplication      : Started SpringBlogApplication in 2.137 seconds (JVM running for 2.536)
2024-02-29 09:51:22.662  INFO 21872 --- [http-nio-8080-exec-1] o.a.c.c.C.[Tomcat].[localhost].[/]       : Initializing Spring DispatcherServlet 'dispatcherServlet'
2024-02-29 09:51:22.662  INFO 21872 --- [http-nio-8080-exec-1] o.s.web.servlet.DispatcherServlet        : Initializing Servlet 'dispatcherServlet'
2024-02-29 09:51:22.666  INFO 21872 --- [http-nio-8080-exec-1] o.s.web.servlet.DispatcherServlet        : Completed initialization in 4 ms
2024-02-29 09:51:22.698  INFO 21872 --- [http-nio-8080-exec-1] com.zaxxer.hikari.HikariDataSource       : HikariPool-1 - Starting...
2024-02-29 09:51:22.813  INFO 21872 --- [http-nio-8080-exec-1] com.zaxxer.hikari.HikariDataSource       : HikariPool-1 - Start completed.
2024-02-29 09:53:17.208  INFO 21872 --- [SpringApplicationShutdownHook] com.zaxxer.hikari.HikariDataSource       : HikariPool-1 - Shutdown initiated...
2024-02-29 09:53:17.216  INFO 21872 --- [SpringApplicationShutdownHook] com.zaxxer.hikari.HikariDataSource       : HikariPool-1 - Shutdown completed.
2024-02-29 09:53:21.021  INFO 37052 --- [main] com.bite.blog.SpringBlogApplication      : Starting SpringBlogApplication using Java 1.8.0_192 on 马尔科686 with PID 37052 (D:\代码gitee\java_code\spring-blog\target\classes started by 李凯轩 in D:\代码gitee\java_code\spring-blog)
2024-02-29 09:53:21.021  INFO 37052 --- [main] com.bite.blog.SpringBlogApplication      : The following 1 profile is active: "dev"
2024-02-29 09:53:22.163  INFO 37052 --- [main] o.s.b.w.embedded.tomcat.TomcatWebServer  : Tomcat initialized with port(s): 8080 (http)
2024-02-29 09:53:22.171  INFO 37052 --- [main] o.apache.catalina.core.StandardService   : Starting service [Tomcat]
2024-02-29 09:53:22.171  INFO 37052 --- [main] org.apache.catalina.core.StandardEngine  : Starting Servlet engine: [Apache Tomcat/9.0.82]
2024-02-29 09:53:22.308  INFO 37052 --- [main] o.a.c.c.C.[Tomcat].[localhost].[/]       : Initializing Spring embedded WebApplicationContext
2024-02-29 09:53:22.308  INFO 37052 --- [main] w.s.c.ServletWebServerApplicationContext : Root WebApplicationContext: initialization completed in 1258 ms
2024-02-29 09:53:22.809  INFO 37052 --- [main] o.s.b.w.embedded.tomcat.TomcatWebServer  : Tomcat started on port(s): 8080 (http) with context path ''
2024-02-29 09:53:22.817  INFO 37052 --- [main] com.bite.blog.SpringBlogApplication      : Started SpringBlogApplication in 2.154 seconds (JVM running for 2.533)
2024-02-29 09:53:28.743  INFO 37052 --- [http-nio-8080-exec-2] o.a.c.c.C.[Tomcat].[localhost].[/]       : Initializing Spring DispatcherServlet 'dispatcherServlet'
2024-02-29 09:53:28.743  INFO 37052 --- [http-nio-8080-exec-2] o.s.web.servlet.DispatcherServlet        : Initializing Servlet 'dispatcherServlet'
2024-02-29 09:53:28.747  INFO 37052 --- [http-nio-8080-exec-2] o.s.web.servlet.DispatcherServlet        : Completed initialization in 4 ms
2024-02-29 09:53:28.783  INFO 37052 --- [http-nio-8080-exec-2] com.zaxxer.hikari.HikariDataSource       : HikariPool-1 - Starting...
2024-02-29 09:53:28.916  INFO 37052 --- [http-nio-8080-exec-2] com.zaxxer.hikari.HikariDataSource       : HikariPool-1 - Start completed.
2024-02-29 09:56:48.510  INFO 37052 --- [SpringApplicationShutdownHook] com.zaxxer.hikari.HikariDataSource       : HikariPool-1 - Shutdown initiated...
2024-02-29 09:56:48.518  INFO 37052 --- [SpringApplicationShutdownHook] com.zaxxer.hikari.HikariDataSource       : HikariPool-1 - Shutdown completed.
2024-02-29 09:56:52.198  INFO 38192 --- [main] com.bite.blog.SpringBlogApplication      : Starting SpringBlogApplication using Java 1.8.0_192 on 马尔科686 with PID 38192 (D:\代码gitee\java_code\spring-blog\target\classes started by 李凯轩 in D:\代码gitee\java_code\spring-blog)
2024-02-29 09:56:52.202  INFO 38192 --- [main] com.bite.blog.SpringBlogApplication      : The following 1 profile is active: "dev"
2024-02-29 09:56:53.386  INFO 38192 --- [main] o.s.b.w.embedded.tomcat.TomcatWebServer  : Tomcat initialized with port(s): 8080 (http)
2024-02-29 09:56:53.390  INFO 38192 --- [main] o.apache.catalina.core.StandardService   : Starting service [Tomcat]
2024-02-29 09:56:53.390  INFO 38192 --- [main] org.apache.catalina.core.StandardEngine  : Starting Servlet engine: [Apache Tomcat/9.0.82]
2024-02-29 09:56:53.511  INFO 38192 --- [main] o.a.c.c.C.[Tomcat].[localhost].[/]       : Initializing Spring embedded WebApplicationContext
2024-02-29 09:56:53.511  INFO 38192 --- [main] w.s.c.ServletWebServerApplicationContext : Root WebApplicationContext: initialization completed in 1271 ms
2024-02-29 09:56:54.030  INFO 38192 --- [main] o.s.b.w.embedded.tomcat.TomcatWebServer  : Tomcat started on port(s): 8080 (http) with context path ''
2024-02-29 09:56:54.039  INFO 38192 --- [main] com.bite.blog.SpringBlogApplication      : Started SpringBlogApplication in 2.191 seconds (JVM running for 2.565)
2024-02-29 09:56:54.298  INFO 38192 --- [http-nio-8080-exec-1] o.a.c.c.C.[Tomcat].[localhost].[/]       : Initializing Spring DispatcherServlet 'dispatcherServlet'
2024-02-29 09:56:54.298  INFO 38192 --- [http-nio-8080-exec-1] o.s.web.servlet.DispatcherServlet        : Initializing Servlet 'dispatcherServlet'
2024-02-29 09:56:54.302  INFO 38192 --- [http-nio-8080-exec-1] o.s.web.servlet.DispatcherServlet        : Completed initialization in 4 ms
2024-02-29 09:56:54.339  INFO 38192 --- [http-nio-8080-exec-1] com.zaxxer.hikari.HikariDataSource       : HikariPool-1 - Starting...
2024-02-29 09:56:54.962  INFO 38192 --- [http-nio-8080-exec-1] com.zaxxer.hikari.HikariDataSource       : HikariPool-1 - Start completed.
2024-02-29 09:59:17.367  INFO 38192 --- [SpringApplicationShutdownHook] com.zaxxer.hikari.HikariDataSource       : HikariPool-1 - Shutdown initiated...
2024-02-29 09:59:17.372  INFO 38192 --- [SpringApplicationShutdownHook] com.zaxxer.hikari.HikariDataSource       : HikariPool-1 - Shutdown completed.
2024-02-29 09:59:19.818  INFO 26492 --- [main] com.bite.blog.SpringBlogApplication      : Starting SpringBlogApplication using Java 1.8.0_192 on 马尔科686 with PID 26492 (D:\代码gitee\java_code\spring-blog\target\classes started by 李凯轩 in D:\代码gitee\java_code\spring-blog)
2024-02-29 09:59:19.822  INFO 26492 --- [main] com.bite.blog.SpringBlogApplication      : The following 1 profile is active: "dev"
2024-02-29 09:59:21.141  INFO 26492 --- [main] o.s.b.w.embedded.tomcat.TomcatWebServer  : Tomcat initialized with port(s): 8080 (http)
2024-02-29 09:59:21.149  INFO 26492 --- [main] o.apache.catalina.core.StandardService   : Starting service [Tomcat]
2024-02-29 09:59:21.149  INFO 26492 --- [main] org.apache.catalina.core.StandardEngine  : Starting Servlet engine: [Apache Tomcat/9.0.82]
2024-02-29 09:59:21.281  INFO 26492 --- [main] o.a.c.c.C.[Tomcat].[localhost].[/]       : Initializing Spring embedded WebApplicationContext
2024-02-29 09:59:21.281  INFO 26492 --- [main] w.s.c.ServletWebServerApplicationContext : Root WebApplicationContext: initialization completed in 1428 ms
2024-02-29 09:59:21.814  INFO 26492 --- [main] o.s.b.w.embedded.tomcat.TomcatWebServer  : Tomcat started on port(s): 8080 (http) with context path ''
2024-02-29 09:59:21.822  INFO 26492 --- [main] com.bite.blog.SpringBlogApplication      : Started SpringBlogApplication in 2.376 seconds (JVM running for 2.761)
2024-02-29 09:59:22.376  INFO 26492 --- [http-nio-8080-exec-1] o.a.c.c.C.[Tomcat].[localhost].[/]       : Initializing Spring DispatcherServlet 'dispatcherServlet'
2024-02-29 09:59:22.376  INFO 26492 --- [http-nio-8080-exec-1] o.s.web.servlet.DispatcherServlet        : Initializing Servlet 'dispatcherServlet'
2024-02-29 09:59:22.380  INFO 26492 --- [http-nio-8080-exec-1] o.s.web.servlet.DispatcherServlet        : Completed initialization in 4 ms
2024-02-29 09:59:22.416  INFO 26492 --- [http-nio-8080-exec-1] com.zaxxer.hikari.HikariDataSource       : HikariPool-1 - Starting...
2024-02-29 09:59:22.532  INFO 26492 --- [http-nio-8080-exec-1] com.zaxxer.hikari.HikariDataSource       : HikariPool-1 - Start completed.
2024-02-29 10:07:07.528  INFO 26492 --- [SpringApplicationShutdownHook] com.zaxxer.hikari.HikariDataSource       : HikariPool-1 - Shutdown initiated...
2024-02-29 10:07:07.536  INFO 26492 --- [SpringApplicationShutdownHook] com.zaxxer.hikari.HikariDataSource       : HikariPool-1 - Shutdown completed.
2024-02-29 10:07:10.616  INFO 38184 --- [main] com.bite.blog.SpringBlogApplication      : Starting SpringBlogApplication using Java 1.8.0_192 on 马尔科686 with PID 38184 (D:\代码gitee\java_code\spring-blog\target\classes started by 李凯轩 in D:\代码gitee\java_code\spring-blog)
2024-02-29 10:07:10.620  INFO 38184 --- [main] com.bite.blog.SpringBlogApplication      : The following 1 profile is active: "dev"
2024-02-29 10:07:11.898  INFO 38184 --- [main] o.s.b.w.embedded.tomcat.TomcatWebServer  : Tomcat initialized with port(s): 8080 (http)
2024-02-29 10:07:11.906  INFO 38184 --- [main] o.apache.catalina.core.StandardService   : Starting service [Tomcat]
2024-02-29 10:07:11.906  INFO 38184 --- [main] org.apache.catalina.core.StandardEngine  : Starting Servlet engine: [Apache Tomcat/9.0.82]
2024-02-29 10:07:12.047  INFO 38184 --- [main] o.a.c.c.C.[Tomcat].[localhost].[/]       : Initializing Spring embedded WebApplicationContext
2024-02-29 10:07:12.047  INFO 38184 --- [main] w.s.c.ServletWebServerApplicationContext : Root WebApplicationContext: initialization completed in 1389 ms
2024-02-29 10:07:12.695  INFO 38184 --- [main] o.s.b.w.embedded.tomcat.TomcatWebServer  : Tomcat started on port(s): 8080 (http) with context path ''
2024-02-29 10:07:12.707  INFO 38184 --- [main] com.bite.blog.SpringBlogApplication      : Started SpringBlogApplication in 2.518 seconds (JVM running for 3.182)
2024-02-29 10:31:39.686  INFO 16432 --- [main] com.bite.blog.SpringBlogApplication      : Starting SpringBlogApplication using Java 1.8.0_192 on 马尔科686 with PID 16432 (D:\代码gitee\java_code\spring-blog\target\classes started by 李凯轩 in D:\代码gitee\java_code\spring-blog)
2024-02-29 10:31:39.690  INFO 16432 --- [main] com.bite.blog.SpringBlogApplication      : The following 1 profile is active: "dev"
2024-02-29 10:31:40.872  INFO 16432 --- [main] o.s.b.w.embedded.tomcat.TomcatWebServer  : Tomcat initialized with port(s): 8080 (http)
2024-02-29 10:31:40.880  INFO 16432 --- [main] o.apache.catalina.core.StandardService   : Starting service [Tomcat]
2024-02-29 10:31:40.880  INFO 16432 --- [main] org.apache.catalina.core.StandardEngine  : Starting Servlet engine: [Apache Tomcat/9.0.82]
2024-02-29 10:31:41.005  INFO 16432 --- [main] o.a.c.c.C.[Tomcat].[localhost].[/]       : Initializing Spring embedded WebApplicationContext
2024-02-29 10:31:41.005  INFO 16432 --- [main] w.s.c.ServletWebServerApplicationContext : Root WebApplicationContext: initialization completed in 1282 ms
2024-02-29 10:31:41.552  INFO 16432 --- [main] o.s.b.w.embedded.tomcat.TomcatWebServer  : Tomcat started on port(s): 8080 (http) with context path ''
2024-02-29 10:31:41.560  INFO 16432 --- [main] com.bite.blog.SpringBlogApplication      : Started SpringBlogApplication in 2.224 seconds (JVM running for 2.585)
2024-02-29 10:31:56.367  INFO 16432 --- [http-nio-8080-exec-1] o.a.c.c.C.[Tomcat].[localhost].[/]       : Initializing Spring DispatcherServlet 'dispatcherServlet'
2024-02-29 10:31:56.367  INFO 16432 --- [http-nio-8080-exec-1] o.s.web.servlet.DispatcherServlet        : Initializing Servlet 'dispatcherServlet'
2024-02-29 10:31:56.367  INFO 16432 --- [http-nio-8080-exec-1] o.s.web.servlet.DispatcherServlet        : Completed initialization in 0 ms
2024-02-29 10:31:56.395  INFO 16432 --- [http-nio-8080-exec-1] com.bite.blog.config.LoginInterceptor    : 从header中获取token, token:null
2024-02-29 10:32:32.013  INFO 16432 --- [http-nio-8080-exec-2] com.zaxxer.hikari.HikariDataSource       : HikariPool-1 - Starting...
2024-02-29 10:32:32.147  INFO 16432 --- [http-nio-8080-exec-2] com.zaxxer.hikari.HikariDataSource       : HikariPool-1 - Start completed.
2024-02-29 10:32:32.826  INFO 16432 --- [http-nio-8080-exec-3] com.bite.blog.config.LoginInterceptor    : 从header中获取token, token:null
2024-02-29 10:32:32.876  INFO 16432 --- [http-nio-8080-exec-4] com.bite.blog.config.LoginInterceptor    : 从header中获取token, token:eyJhbGciOiJIUzI1NiJ9.eyJuYW1lIjoiemhhbmdzYW4iLCJpZCI6MSwiZXhwIjoxNzA5MTc3NTUyfQ.xMYXfWp0H_fIHrZYxfu5pq5ePtYQmSS0_N5-KCw8pAE
2024-02-29 10:32:32.876  INFO 16432 --- [http-nio-8080-exec-5] com.bite.blog.config.LoginInterceptor    : 从header中获取token, token:eyJhbGciOiJIUzI1NiJ9.eyJuYW1lIjoiemhhbmdzYW4iLCJpZCI6MSwiZXhwIjoxNzA5MTc3NTUyfQ.xMYXfWp0H_fIHrZYxfu5pq5ePtYQmSS0_N5-KCw8pAE
2024-02-29 10:32:40.982  INFO 16432 --- [http-nio-8080-exec-7] com.bite.blog.config.LoginInterceptor    : 从header中获取token, token:null
2024-02-29 10:32:40.994  INFO 16432 --- [http-nio-8080-exec-8] com.bite.blog.config.LoginInterceptor    : 从header中获取token, token:eyJhbGciOiJIUzI1NiJ9.eyJuYW1lIjoiemhhbmdzYW4iLCJpZCI6MSwiZXhwIjoxNzA5MTc3NTUyfQ.xMYXfWp0H_fIHrZYxfu5pq5ePtYQmSS0_N5-KCw8pAE
2024-02-29 10:32:40.994  INFO 16432 --- [http-nio-8080-exec-9] com.bite.blog.config.LoginInterceptor    : 从header中获取token, token:eyJhbGciOiJIUzI1NiJ9.eyJuYW1lIjoiemhhbmdzYW4iLCJpZCI6MSwiZXhwIjoxNzA5MTc3NTUyfQ.xMYXfWp0H_fIHrZYxfu5pq5ePtYQmSS0_N5-KCw8pAE
2024-02-29 10:33:41.437  INFO 16432 --- [http-nio-8080-exec-10] com.bite.blog.config.LoginInterceptor    : 从header中获取token, token:null
2024-02-29 10:33:41.495  INFO 16432 --- [http-nio-8080-exec-1] com.bite.blog.config.LoginInterceptor    : 从header中获取token, token:eyJhbGciOiJIUzI1NiJ9.eyJuYW1lIjoiemhhbmdzYW4iLCJpZCI6MSwiZXhwIjoxNzA5MTc3NTUyfQ.xMYXfWp0H_fIHrZYxfu5pq5ePtYQmSS0_N5-KCw8pAE
2024-02-29 10:33:41.495  INFO 16432 --- [http-nio-8080-exec-3] com.bite.blog.config.LoginInterceptor    : 从header中获取token, token:eyJhbGciOiJIUzI1NiJ9.eyJuYW1lIjoiemhhbmdzYW4iLCJpZCI6MSwiZXhwIjoxNzA5MTc3NTUyfQ.xMYXfWp0H_fIHrZYxfu5pq5ePtYQmSS0_N5-KCw8pAE
2024-02-29 10:33:52.116  INFO 16432 --- [http-nio-8080-exec-2] com.bite.blog.config.LoginInterceptor    : 从header中获取token, token:null
2024-02-29 10:34:36.869  INFO 16432 --- [http-nio-8080-exec-6] com.bite.blog.config.LoginInterceptor    : 从header中获取token, token:eyJhbGciOiJIUzI1NiJ9.eyJuYW1lIjoiemhhbmdzYW4iLCJpZCI6MSwiZXhwIjoxNzA5MTc3NTUyfQ.xMYXfWp0H_fIHrZYxfu5pq5ePtYQmSS0_N5-KCw8pAE
2024-02-29 10:34:36.963  INFO 16432 --- [http-nio-8080-exec-2] com.bite.blog.config.LoginInterceptor    : 从header中获取token, token:null
2024-02-29 10:34:37.028  INFO 16432 --- [http-nio-8080-exec-10] com.bite.blog.config.LoginInterceptor    : 从header中获取token, token:eyJhbGciOiJIUzI1NiJ9.eyJuYW1lIjoiemhhbmdzYW4iLCJpZCI6MSwiZXhwIjoxNzA5MTc3NTUyfQ.xMYXfWp0H_fIHrZYxfu5pq5ePtYQmSS0_N5-KCw8pAE
2024-02-29 10:34:37.028  INFO 16432 --- [http-nio-8080-exec-9] com.bite.blog.config.LoginInterceptor    : 从header中获取token, token:eyJhbGciOiJIUzI1NiJ9.eyJuYW1lIjoiemhhbmdzYW4iLCJpZCI6MSwiZXhwIjoxNzA5MTc3NTUyfQ.xMYXfWp0H_fIHrZYxfu5pq5ePtYQmSS0_N5-KCw8pAE
2024-02-29 10:34:40.661  INFO 16432 --- [http-nio-8080-exec-7] com.bite.blog.config.LoginInterceptor    : 从header中获取token, token:null
2024-02-29 10:34:40.697  INFO 16432 --- [http-nio-8080-exec-1] com.bite.blog.config.LoginInterceptor    : 从header中获取token, token:eyJhbGciOiJIUzI1NiJ9.eyJuYW1lIjoiemhhbmdzYW4iLCJpZCI6MSwiZXhwIjoxNzA5MTc3NTUyfQ.xMYXfWp0H_fIHrZYxfu5pq5ePtYQmSS0_N5-KCw8pAE
2024-02-29 10:34:40.697  INFO 16432 --- [http-nio-8080-exec-3] com.bite.blog.config.LoginInterceptor    : 从header中获取token, token:eyJhbGciOiJIUzI1NiJ9.eyJuYW1lIjoiemhhbmdzYW4iLCJpZCI6MSwiZXhwIjoxNzA5MTc3NTUyfQ.xMYXfWp0H_fIHrZYxfu5pq5ePtYQmSS0_N5-KCw8pAE
2024-02-29 10:34:42.688  INFO 16432 --- [http-nio-8080-exec-5] com.bite.blog.config.LoginInterceptor    : 从header中获取token, token:null
2024-02-29 10:34:43.661  INFO 16432 --- [http-nio-8080-exec-4] com.bite.blog.config.LoginInterceptor    : 从header中获取token, token:null
2024-02-29 10:34:43.669  INFO 16432 --- [http-nio-8080-exec-6] com.bite.blog.config.LoginInterceptor    : 从header中获取token, token:eyJhbGciOiJIUzI1NiJ9.eyJuYW1lIjoiemhhbmdzYW4iLCJpZCI6MSwiZXhwIjoxNzA5MTc3NTUyfQ.xMYXfWp0H_fIHrZYxfu5pq5ePtYQmSS0_N5-KCw8pAE
2024-02-29 10:34:43.669  INFO 16432 --- [http-nio-8080-exec-2] com.bite.blog.config.LoginInterceptor    : 从header中获取token, token:eyJhbGciOiJIUzI1NiJ9.eyJuYW1lIjoiemhhbmdzYW4iLCJpZCI6MSwiZXhwIjoxNzA5MTc3NTUyfQ.xMYXfWp0H_fIHrZYxfu5pq5ePtYQmSS0_N5-KCw8pAE
2024-02-29 10:34:44.884  INFO 16432 --- [http-nio-8080-exec-9] com.bite.blog.config.LoginInterceptor    : 从header中获取token, token:eyJhbGciOiJIUzI1NiJ9.eyJuYW1lIjoiemhhbmdzYW4iLCJpZCI6MSwiZXhwIjoxNzA5MTc3NTUyfQ.xMYXfWp0H_fIHrZYxfu5pq5ePtYQmSS0_N5-KCw8pAE
2024-02-29 10:34:44.972  INFO 16432 --- [http-nio-8080-exec-10] com.bite.blog.config.LoginInterceptor    : 从header中获取token, token:eyJhbGciOiJIUzI1NiJ9.eyJuYW1lIjoiemhhbmdzYW4iLCJpZCI6MSwiZXhwIjoxNzA5MTc3NTUyfQ.xMYXfWp0H_fIHrZYxfu5pq5ePtYQmSS0_N5-KCw8pAE
2024-02-29 10:34:44.972  INFO 16432 --- [http-nio-8080-exec-8] com.bite.blog.config.LoginInterceptor    : 从header中获取token, token:null
2024-02-29 10:34:45.004  INFO 16432 --- [http-nio-8080-exec-7] com.bite.blog.config.LoginInterceptor    : 从header中获取token, token:eyJhbGciOiJIUzI1NiJ9.eyJuYW1lIjoiemhhbmdzYW4iLCJpZCI6MSwiZXhwIjoxNzA5MTc3NTUyfQ.xMYXfWp0H_fIHrZYxfu5pq5ePtYQmSS0_N5-KCw8pAE
2024-02-29 10:34:46.061  INFO 16432 --- [http-nio-8080-exec-3] com.bite.blog.config.LoginInterceptor    : 从header中获取token, token:null
2024-02-29 10:34:46.069  INFO 16432 --- [http-nio-8080-exec-4] com.bite.blog.config.LoginInterceptor    : 从header中获取token, token:eyJhbGciOiJIUzI1NiJ9.eyJuYW1lIjoiemhhbmdzYW4iLCJpZCI6MSwiZXhwIjoxNzA5MTc3NTUyfQ.xMYXfWp0H_fIHrZYxfu5pq5ePtYQmSS0_N5-KCw8pAE
2024-02-29 10:34:46.069  INFO 16432 --- [http-nio-8080-exec-5] com.bite.blog.config.LoginInterceptor    : 从header中获取token, token:eyJhbGciOiJIUzI1NiJ9.eyJuYW1lIjoiemhhbmdzYW4iLCJpZCI6MSwiZXhwIjoxNzA5MTc3NTUyfQ.xMYXfWp0H_fIHrZYxfu5pq5ePtYQmSS0_N5-KCw8pAE
2024-02-29 10:34:49.297  INFO 16432 --- [http-nio-8080-exec-2] com.bite.blog.config.LoginInterceptor    : 从header中获取token, token:null
2024-02-29 10:34:54.228  INFO 16432 --- [http-nio-8080-exec-7] com.bite.blog.config.LoginInterceptor    : 从header中获取token, token:null
2024-02-29 10:34:54.240  INFO 16432 --- [http-nio-8080-exec-1] com.bite.blog.config.LoginInterceptor    : 从header中获取token, token:eyJhbGciOiJIUzI1NiJ9.eyJuYW1lIjoiemhhbmdzYW4iLCJpZCI6MSwiZXhwIjoxNzA5MTc3NTUyfQ.xMYXfWp0H_fIHrZYxfu5pq5ePtYQmSS0_N5-KCw8pAE
2024-02-29 10:34:54.240  INFO 16432 --- [http-nio-8080-exec-3] com.bite.blog.config.LoginInterceptor    : 从header中获取token, token:eyJhbGciOiJIUzI1NiJ9.eyJuYW1lIjoiemhhbmdzYW4iLCJpZCI6MSwiZXhwIjoxNzA5MTc3NTUyfQ.xMYXfWp0H_fIHrZYxfu5pq5ePtYQmSS0_N5-KCw8pAE
2024-02-29 10:34:55.140  INFO 16432 --- [http-nio-8080-exec-4] com.bite.blog.config.LoginInterceptor    : 从header中获取token, token:eyJhbGciOiJIUzI1NiJ9.eyJuYW1lIjoiemhhbmdzYW4iLCJpZCI6MSwiZXhwIjoxNzA5MTc3NTUyfQ.xMYXfWp0H_fIHrZYxfu5pq5ePtYQmSS0_N5-KCw8pAE
2024-02-29 10:34:55.230  INFO 16432 --- [http-nio-8080-exec-5] com.bite.blog.config.LoginInterceptor    : 从header中获取token, token:null
2024-02-29 10:34:55.258  INFO 16432 --- [http-nio-8080-exec-2] com.bite.blog.config.LoginInterceptor    : 从header中获取token, token:eyJhbGciOiJIUzI1NiJ9.eyJuYW1lIjoiemhhbmdzYW4iLCJpZCI6MSwiZXhwIjoxNzA5MTc3NTUyfQ.xMYXfWp0H_fIHrZYxfu5pq5ePtYQmSS0_N5-KCw8pAE
2024-02-29 10:34:55.258  INFO 16432 --- [http-nio-8080-exec-9] com.bite.blog.config.LoginInterceptor    : 从header中获取token, token:eyJhbGciOiJIUzI1NiJ9.eyJuYW1lIjoiemhhbmdzYW4iLCJpZCI6MSwiZXhwIjoxNzA5MTc3NTUyfQ.xMYXfWp0H_fIHrZYxfu5pq5ePtYQmSS0_N5-KCw8pAE
2024-02-29 10:39:19.855  INFO 16432 --- [http-nio-8080-exec-7] com.bite.blog.config.LoginInterceptor    : 从header中获取token, token:null
2024-02-29 10:39:19.895  INFO 16432 --- [http-nio-8080-exec-3] com.bite.blog.config.LoginInterceptor    : 从header中获取token, token:eyJhbGciOiJIUzI1NiJ9.eyJuYW1lIjoiemhhbmdzYW4iLCJpZCI6MSwiZXhwIjoxNzA5MTc3NTUyfQ.xMYXfWp0H_fIHrZYxfu5pq5ePtYQmSS0_N5-KCw8pAE
2024-02-29 10:39:19.895  INFO 16432 --- [http-nio-8080-exec-1] com.bite.blog.config.LoginInterceptor    : 从header中获取token, token:eyJhbGciOiJIUzI1NiJ9.eyJuYW1lIjoiemhhbmdzYW4iLCJpZCI6MSwiZXhwIjoxNzA5MTc3NTUyfQ.xMYXfWp0H_fIHrZYxfu5pq5ePtYQmSS0_N5-KCw8pAE
2024-02-29 10:39:21.777  INFO 16432 --- [http-nio-8080-exec-4] com.bite.blog.config.LoginInterceptor    : 从header中获取token, token:null
2024-02-29 10:39:54.351  INFO 16432 --- [http-nio-8080-exec-5] com.bite.blog.config.LoginInterceptor    : 从header中获取token, token:eyJhbGciOiJIUzI1NiJ9.eyJuYW1lIjoiemhhbmdzYW4iLCJpZCI6MSwiZXhwIjoxNzA5MTc3NTUyfQ.xMYXfWp0H_fIHrZYxfu5pq5ePtYQmSS0_N5-KCw8pAE
2024-02-29 10:39:54.452  INFO 16432 --- [http-nio-8080-exec-2] com.bite.blog.config.LoginInterceptor    : 从header中获取token, token:null
2024-02-29 10:39:54.509  INFO 16432 --- [http-nio-8080-exec-6] com.bite.blog.config.LoginInterceptor    : 从header中获取token, token:eyJhbGciOiJIUzI1NiJ9.eyJuYW1lIjoiemhhbmdzYW4iLCJpZCI6MSwiZXhwIjoxNzA5MTc3NTUyfQ.xMYXfWp0H_fIHrZYxfu5pq5ePtYQmSS0_N5-KCw8pAE
2024-02-29 10:39:54.509  INFO 16432 --- [http-nio-8080-exec-9] com.bite.blog.config.LoginInterceptor    : 从header中获取token, token:eyJhbGciOiJIUzI1NiJ9.eyJuYW1lIjoiemhhbmdzYW4iLCJpZCI6MSwiZXhwIjoxNzA5MTc3NTUyfQ.xMYXfWp0H_fIHrZYxfu5pq5ePtYQmSS0_N5-KCw8pAE
2024-02-29 10:40:29.492  INFO 16432 --- [http-nio-8080-exec-8] com.bite.blog.config.LoginInterceptor    : 从header中获取token, token:null
2024-02-29 10:40:59.442  INFO 16432 --- [http-nio-8080-exec-7] com.bite.blog.config.LoginInterceptor    : 从header中获取token, token:eyJhbGciOiJIUzI1NiJ9.eyJuYW1lIjoiemhhbmdzYW4iLCJpZCI6MSwiZXhwIjoxNzA5MTc3NTUyfQ.xMYXfWp0H_fIHrZYxfu5pq5ePtYQmSS0_N5-KCw8pAE
2024-02-29 10:40:59.551  INFO 16432 --- [http-nio-8080-exec-3] com.bite.blog.config.LoginInterceptor    : 从header中获取token, token:null
2024-02-29 10:40:59.587  INFO 16432 --- [http-nio-8080-exec-1] com.bite.blog.config.LoginInterceptor    : 从header中获取token, token:eyJhbGciOiJIUzI1NiJ9.eyJuYW1lIjoiemhhbmdzYW4iLCJpZCI6MSwiZXhwIjoxNzA5MTc3NTUyfQ.xMYXfWp0H_fIHrZYxfu5pq5ePtYQmSS0_N5-KCw8pAE
2024-02-29 10:40:59.587  INFO 16432 --- [http-nio-8080-exec-4] com.bite.blog.config.LoginInterceptor    : 从header中获取token, token:eyJhbGciOiJIUzI1NiJ9.eyJuYW1lIjoiemhhbmdzYW4iLCJpZCI6MSwiZXhwIjoxNzA5MTc3NTUyfQ.xMYXfWp0H_fIHrZYxfu5pq5ePtYQmSS0_N5-KCw8pAE
2024-02-29 10:41:19.638  INFO 16432 --- [http-nio-8080-exec-5] com.bite.blog.config.LoginInterceptor    : 从header中获取token, token:null
2024-02-29 10:41:21.309  INFO 16432 --- [http-nio-8080-exec-2] com.bite.blog.config.LoginInterceptor    : 从header中获取token, token:null
2024-02-29 10:41:23.412  INFO 16432 --- [http-nio-8080-exec-6] com.bite.blog.config.LoginInterceptor    : 从header中获取token, token:null
2024-02-29 10:41:31.434  INFO 16432 --- [http-nio-8080-exec-8] com.bite.blog.config.LoginInterceptor    : 从header中获取token, token:null
2024-02-29 10:41:31.458  INFO 16432 --- [http-nio-8080-exec-10] com.bite.blog.config.LoginInterceptor    : 从header中获取token, token:eyJhbGciOiJIUzI1NiJ9.eyJuYW1lIjoibGlzaSIsImlkIjoyLCJleHAiOjE3MDkxNzgwOTF9.B964tkAoFd6LYdyNI4lmwTNkVs1HYTR2IEYRdqPiH24
2024-02-29 10:41:31.490  INFO 16432 --- [http-nio-8080-exec-7] com.bite.blog.config.LoginInterceptor    : 从header中获取token, token:eyJhbGciOiJIUzI1NiJ9.eyJuYW1lIjoibGlzaSIsImlkIjoyLCJleHAiOjE3MDkxNzgwOTF9.B964tkAoFd6LYdyNI4lmwTNkVs1HYTR2IEYRdqPiH24
2024-02-29 10:41:34.689  INFO 16432 --- [http-nio-8080-exec-1] com.bite.blog.config.LoginInterceptor    : 从header中获取token, token:eyJhbGciOiJIUzI1NiJ9.eyJuYW1lIjoibGlzaSIsImlkIjoyLCJleHAiOjE3MDkxNzgwOTF9.B964tkAoFd6LYdyNI4lmwTNkVs1HYTR2IEYRdqPiH24
2024-02-29 10:41:34.689  INFO 16432 --- [http-nio-8080-exec-4] com.bite.blog.config.LoginInterceptor    : 从header中获取token, token:eyJhbGciOiJIUzI1NiJ9.eyJuYW1lIjoibGlzaSIsImlkIjoyLCJleHAiOjE3MDkxNzgwOTF9.B964tkAoFd6LYdyNI4lmwTNkVs1HYTR2IEYRdqPiH24
2024-02-29 10:41:34.697  INFO 16432 --- [http-nio-8080-exec-5] com.bite.blog.config.LoginInterceptor    : 从header中获取token, token:null
2024-02-29 10:41:36.657  INFO 16432 --- [http-nio-8080-exec-2] com.bite.blog.config.LoginInterceptor    : 从header中获取token, token:null
2024-02-29 10:41:37.975  INFO 16432 --- [http-nio-8080-exec-9] com.bite.blog.config.LoginInterceptor    : 从header中获取token, token:null
2024-02-29 10:41:38.011  INFO 16432 --- [http-nio-8080-exec-10] com.bite.blog.config.LoginInterceptor    : 从header中获取token, token:eyJhbGciOiJIUzI1NiJ9.eyJuYW1lIjoibGlzaSIsImlkIjoyLCJleHAiOjE3MDkxNzgwOTF9.B964tkAoFd6LYdyNI4lmwTNkVs1HYTR2IEYRdqPiH24
2024-02-29 10:41:38.011  INFO 16432 --- [http-nio-8080-exec-8] com.bite.blog.config.LoginInterceptor    : 从header中获取token, token:eyJhbGciOiJIUzI1NiJ9.eyJuYW1lIjoibGlzaSIsImlkIjoyLCJleHAiOjE3MDkxNzgwOTF9.B964tkAoFd6LYdyNI4lmwTNkVs1HYTR2IEYRdqPiH24
2024-02-29 10:41:39.232  INFO 16432 --- [http-nio-8080-exec-7] com.bite.blog.config.LoginInterceptor    : 从header中获取token, token:null
2024-02-29 10:41:40.891  INFO 16432 --- [http-nio-8080-exec-3] com.bite.blog.config.LoginInterceptor    : 从header中获取token, token:null
2024-02-29 10:41:40.941  INFO 16432 --- [http-nio-8080-exec-5] com.bite.blog.config.LoginInterceptor    : 从header中获取token, token:eyJhbGciOiJIUzI1NiJ9.eyJuYW1lIjoibGlzaSIsImlkIjoyLCJleHAiOjE3MDkxNzgwOTF9.B964tkAoFd6LYdyNI4lmwTNkVs1HYTR2IEYRdqPiH24
2024-02-29 10:41:40.941  INFO 16432 --- [http-nio-8080-exec-1] com.bite.blog.config.LoginInterceptor    : 从header中获取token, token:eyJhbGciOiJIUzI1NiJ9.eyJuYW1lIjoibGlzaSIsImlkIjoyLCJleHAiOjE3MDkxNzgwOTF9.B964tkAoFd6LYdyNI4lmwTNkVs1HYTR2IEYRdqPiH24
2024-02-29 10:41:42.421  INFO 16432 --- [http-nio-8080-exec-4] com.bite.blog.config.LoginInterceptor    : 从header中获取token, token:null
2024-02-29 10:41:48.049  INFO 16432 --- [http-nio-8080-exec-2] com.bite.blog.config.LoginInterceptor    : 从header中获取token, token:null
2024-02-29 10:41:48.074  INFO 16432 --- [http-nio-8080-exec-6] com.bite.blog.config.LoginInterceptor    : 从header中获取token, token:eyJhbGciOiJIUzI1NiJ9.eyJuYW1lIjoibGlzaSIsImlkIjoyLCJleHAiOjE3MDkxNzgwOTF9.B964tkAoFd6LYdyNI4lmwTNkVs1HYTR2IEYRdqPiH24
2024-02-29 10:41:48.074  INFO 16432 --- [http-nio-8080-exec-9] com.bite.blog.config.LoginInterceptor    : 从header中获取token, token:eyJhbGciOiJIUzI1NiJ9.eyJuYW1lIjoibGlzaSIsImlkIjoyLCJleHAiOjE3MDkxNzgwOTF9.B964tkAoFd6LYdyNI4lmwTNkVs1HYTR2IEYRdqPiH24
2024-02-29 10:41:49.710  INFO 16432 --- [http-nio-8080-exec-8] com.bite.blog.config.LoginInterceptor    : 从header中获取token, token:null
2024-02-29 10:52:10.718  INFO 16432 --- [SpringApplicationShutdownHook] com.zaxxer.hikari.HikariDataSource       : HikariPool-1 - Shutdown initiated...
2024-02-29 10:52:10.726  INFO 16432 --- [SpringApplicationShutdownHook] com.zaxxer.hikari.HikariDataSource       : HikariPool-1 - Shutdown completed.
2024-02-29 10:52:13.173  INFO 44052 --- [main] com.bite.blog.SpringBlogApplication      : Starting SpringBlogApplication using Java 1.8.0_192 on 马尔科686 with PID 44052 (D:\代码gitee\java_code\spring-blog\target\classes started by 李凯轩 in D:\代码gitee\java_code\spring-blog)
2024-02-29 10:52:13.177  INFO 44052 --- [main] com.bite.blog.SpringBlogApplication      : The following 1 profile is active: "dev"
2024-02-29 10:52:14.532  INFO 44052 --- [main] o.s.b.w.embedded.tomcat.TomcatWebServer  : Tomcat initialized with port(s): 8080 (http)
2024-02-29 10:52:14.540  INFO 44052 --- [main] o.apache.catalina.core.StandardService   : Starting service [Tomcat]
2024-02-29 10:52:14.544  INFO 44052 --- [main] org.apache.catalina.core.StandardEngine  : Starting Servlet engine: [Apache Tomcat/9.0.82]
2024-02-29 10:52:14.682  INFO 44052 --- [main] o.a.c.c.C.[Tomcat].[localhost].[/]       : Initializing Spring embedded WebApplicationContext
2024-02-29 10:52:14.682  INFO 44052 --- [main] w.s.c.ServletWebServerApplicationContext : Root WebApplicationContext: initialization completed in 1472 ms
2024-02-29 10:52:15.236  INFO 44052 --- [main] o.s.b.w.embedded.tomcat.TomcatWebServer  : Tomcat started on port(s): 8080 (http) with context path ''
2024-02-29 10:52:15.251  INFO 44052 --- [main] com.bite.blog.SpringBlogApplication      : Started SpringBlogApplication in 2.432 seconds (JVM running for 2.818)
2024-02-29 10:52:19.600  INFO 44052 --- [http-nio-8080-exec-1] o.a.c.c.C.[Tomcat].[localhost].[/]       : Initializing Spring DispatcherServlet 'dispatcherServlet'
2024-02-29 10:52:19.604  INFO 44052 --- [http-nio-8080-exec-1] o.s.web.servlet.DispatcherServlet        : Initializing Servlet 'dispatcherServlet'
2024-02-29 10:52:19.604  INFO 44052 --- [http-nio-8080-exec-1] o.s.web.servlet.DispatcherServlet        : Completed initialization in 0 ms
2024-02-29 10:52:19.620  INFO 44052 --- [http-nio-8080-exec-1] com.bite.blog.config.LoginInterceptor    : 从header中获取token, token:null
2024-02-29 10:52:20.992  INFO 44052 --- [http-nio-8080-exec-3] com.bite.blog.config.LoginInterceptor    : 从header中获取token, token:null
2024-02-29 10:52:21.017  INFO 44052 --- [http-nio-8080-exec-4] com.bite.blog.config.LoginInterceptor    : 从header中获取token, token:eyJhbGciOiJIUzI1NiJ9.eyJuYW1lIjoibGlzaSIsImlkIjoyLCJleHAiOjE3MDkxNzgwOTF9.B964tkAoFd6LYdyNI4lmwTNkVs1HYTR2IEYRdqPiH24
2024-02-29 10:52:21.017  INFO 44052 --- [http-nio-8080-exec-5] com.bite.blog.config.LoginInterceptor    : 从header中获取token, token:eyJhbGciOiJIUzI1NiJ9.eyJuYW1lIjoibGlzaSIsImlkIjoyLCJleHAiOjE3MDkxNzgwOTF9.B964tkAoFd6LYdyNI4lmwTNkVs1HYTR2IEYRdqPiH24
2024-02-29 10:52:21.554  INFO 44052 --- [http-nio-8080-exec-5] com.zaxxer.hikari.HikariDataSource       : HikariPool-1 - Starting...
2024-02-29 10:52:21.691  INFO 44052 --- [http-nio-8080-exec-5] com.zaxxer.hikari.HikariDataSource       : HikariPool-1 - Start completed.
2024-02-29 10:52:23.120  INFO 44052 --- [http-nio-8080-exec-6] com.bite.blog.config.LoginInterceptor    : 从header中获取token, token:null
2024-02-29 10:52:23.149  INFO 44052 --- [http-nio-8080-exec-7] com.bite.blog.config.LoginInterceptor    : 从header中获取token, token:eyJhbGciOiJIUzI1NiJ9.eyJuYW1lIjoibGlzaSIsImlkIjoyLCJleHAiOjE3MDkxNzgwOTF9.B964tkAoFd6LYdyNI4lmwTNkVs1HYTR2IEYRdqPiH24
2024-02-29 10:52:23.149  INFO 44052 --- [http-nio-8080-exec-8] com.bite.blog.config.LoginInterceptor    : 从header中获取token, token:eyJhbGciOiJIUzI1NiJ9.eyJuYW1lIjoibGlzaSIsImlkIjoyLCJleHAiOjE3MDkxNzgwOTF9.B964tkAoFd6LYdyNI4lmwTNkVs1HYTR2IEYRdqPiH24
2024-02-29 10:52:24.502  INFO 44052 --- [http-nio-8080-exec-9] com.bite.blog.config.LoginInterceptor    : 从header中获取token, token:null
2024-02-29 10:52:24.526  INFO 44052 --- [http-nio-8080-exec-1] com.bite.blog.config.LoginInterceptor    : 从header中获取token, token:eyJhbGciOiJIUzI1NiJ9.eyJuYW1lIjoibGlzaSIsImlkIjoyLCJleHAiOjE3MDkxNzgwOTF9.B964tkAoFd6LYdyNI4lmwTNkVs1HYTR2IEYRdqPiH24
2024-02-29 10:52:24.526  INFO 44052 --- [http-nio-8080-exec-10] com.bite.blog.config.LoginInterceptor    : 从header中获取token, token:eyJhbGciOiJIUzI1NiJ9.eyJuYW1lIjoibGlzaSIsImlkIjoyLCJleHAiOjE3MDkxNzgwOTF9.B964tkAoFd6LYdyNI4lmwTNkVs1HYTR2IEYRdqPiH24
2024-02-29 10:52:25.505  INFO 44052 --- [http-nio-8080-exec-2] com.bite.blog.config.LoginInterceptor    : 从header中获取token, token:null
2024-02-29 10:52:26.193  INFO 44052 --- [http-nio-8080-exec-3] com.bite.blog.config.LoginInterceptor    : 从header中获取token, token:null
2024-02-29 10:52:31.082  INFO 44052 --- [http-nio-8080-exec-5] com.bite.blog.config.LoginInterceptor    : 从header中获取token, token:null
2024-02-29 10:52:31.128  INFO 44052 --- [http-nio-8080-exec-6] com.bite.blog.config.LoginInterceptor    : 从header中获取token, token:eyJhbGciOiJIUzI1NiJ9.eyJuYW1lIjoiemhhbmdzYW4iLCJpZCI6MSwiZXhwIjoxNzA5MTc4NzUwfQ.3F7PIs-M8Wki5-ihcmi4XoAxWhjzGqmW0VHkLxP_GbY
2024-02-29 10:52:31.128  INFO 44052 --- [http-nio-8080-exec-8] com.bite.blog.config.LoginInterceptor    : 从header中获取token, token:eyJhbGciOiJIUzI1NiJ9.eyJuYW1lIjoiemhhbmdzYW4iLCJpZCI6MSwiZXhwIjoxNzA5MTc4NzUwfQ.3F7PIs-M8Wki5-ihcmi4XoAxWhjzGqmW0VHkLxP_GbY
2024-02-29 10:53:29.423  INFO 44052 --- [http-nio-8080-exec-1] com.bite.blog.config.LoginInterceptor    : 从header中获取token, token:null
2024-02-29 10:53:33.794  INFO 44052 --- [http-nio-8080-exec-10] com.bite.blog.config.LoginInterceptor    : 从header中获取token, token:null
2024-02-29 10:53:48.136  INFO 44052 --- [http-nio-8080-exec-1] com.bite.blog.config.LoginInterceptor    : 从header中获取token, token:null
2024-02-29 10:53:53.855  INFO 44052 --- [http-nio-8080-exec-6] com.bite.blog.config.LoginInterceptor    : 从header中获取token, token:null
2024-02-29 10:53:53.937  INFO 44052 --- [http-nio-8080-exec-8] com.bite.blog.config.LoginInterceptor    : 从header中获取token, token:eyJhbGciOiJIUzI1NiJ9.eyJuYW1lIjoiemhhbmdzYW4iLCJpZCI6MSwiZXhwIjoxNzA5MTc4ODMzfQ.zp5VoIIUNLfVskIHUBUEPbamgEGvhiZrC_S-4Gvhu0s
2024-02-29 10:53:53.937  INFO 44052 --- [http-nio-8080-exec-7] com.bite.blog.config.LoginInterceptor    : 从header中获取token, token:eyJhbGciOiJIUzI1NiJ9.eyJuYW1lIjoiemhhbmdzYW4iLCJpZCI6MSwiZXhwIjoxNzA5MTc4ODMzfQ.zp5VoIIUNLfVskIHUBUEPbamgEGvhiZrC_S-4Gvhu0s
2024-02-29 10:54:01.022  INFO 44052 --- [http-nio-8080-exec-6] com.bite.blog.config.LoginInterceptor    : 从header中获取token, token:eyJhbGciOiJIUzI1NiJ9.eyJuYW1lIjoiemhhbmdzYW4iLCJpZCI6MSwiZXhwIjoxNzA5MTc4ODMzfQ.zp5VoIIUNLfVskIHUBUEPbamgEGvhiZrC_S-4Gvhu0s
2024-02-29 10:54:01.022  INFO 44052 --- [http-nio-8080-exec-5] com.bite.blog.config.LoginInterceptor    : 从header中获取token, token:eyJhbGciOiJIUzI1NiJ9.eyJuYW1lIjoiemhhbmdzYW4iLCJpZCI6MSwiZXhwIjoxNzA5MTc4ODMzfQ.zp5VoIIUNLfVskIHUBUEPbamgEGvhiZrC_S-4Gvhu0s
2024-02-29 10:54:01.030  INFO 44052 --- [http-nio-8080-exec-7] com.bite.blog.config.LoginInterceptor    : 从header中获取token, token:null
2024-02-29 10:54:03.869  INFO 44052 --- [http-nio-8080-exec-8] com.bite.blog.config.LoginInterceptor    : 从header中获取token, token:null
2024-02-29 10:55:07.260  INFO 44052 --- [http-nio-8080-exec-5] com.bite.blog.config.LoginInterceptor    : 从header中获取token, token:null
2024-02-29 10:55:07.289  INFO 44052 --- [http-nio-8080-exec-9] com.bite.blog.config.LoginInterceptor    : 从header中获取token, token:eyJhbGciOiJIUzI1NiJ9.eyJuYW1lIjoiemhhbmdzYW4iLCJpZCI6MSwiZXhwIjoxNzA5MTc4ODMzfQ.zp5VoIIUNLfVskIHUBUEPbamgEGvhiZrC_S-4Gvhu0s
2024-02-29 10:55:07.289  INFO 44052 --- [http-nio-8080-exec-8] com.bite.blog.config.LoginInterceptor    : 从header中获取token, token:eyJhbGciOiJIUzI1NiJ9.eyJuYW1lIjoiemhhbmdzYW4iLCJpZCI6MSwiZXhwIjoxNzA5MTc4ODMzfQ.zp5VoIIUNLfVskIHUBUEPbamgEGvhiZrC_S-4Gvhu0s
2024-02-29 10:55:08.364  INFO 44052 --- [http-nio-8080-exec-4] com.bite.blog.config.LoginInterceptor    : 从header中获取token, token:null
2024-02-29 10:55:08.377  INFO 44052 --- [http-nio-8080-exec-2] com.bite.blog.config.LoginInterceptor    : 从header中获取token, token:eyJhbGciOiJIUzI1NiJ9.eyJuYW1lIjoiemhhbmdzYW4iLCJpZCI6MSwiZXhwIjoxNzA5MTc4ODMzfQ.zp5VoIIUNLfVskIHUBUEPbamgEGvhiZrC_S-4Gvhu0s
2024-02-29 10:56:34.371  INFO 44052 --- [http-nio-8080-exec-9] com.bite.blog.config.LoginInterceptor    : 从header中获取token, token:eyJhbGciOiJIUzI1NiJ9.eyJuYW1lIjoiemhhbmdzYW4iLCJpZCI6MSwiZXhwIjoxNzA5MTc4ODMzfQ.zp5VoIIUNLfVskIHUBUEPbamgEGvhiZrC_S-4Gvhu0s
2024-02-29 10:56:34.508  INFO 44052 --- [http-nio-8080-exec-1] com.bite.blog.config.LoginInterceptor    : 从header中获取token, token:null
2024-02-29 10:56:34.564  INFO 44052 --- [http-nio-8080-exec-5] com.bite.blog.config.LoginInterceptor    : 从header中获取token, token:eyJhbGciOiJIUzI1NiJ9.eyJuYW1lIjoiemhhbmdzYW4iLCJpZCI6MSwiZXhwIjoxNzA5MTc4ODMzfQ.zp5VoIIUNLfVskIHUBUEPbamgEGvhiZrC_S-4Gvhu0s
2024-02-29 10:56:34.564  INFO 44052 --- [http-nio-8080-exec-3] com.bite.blog.config.LoginInterceptor    : 从header中获取token, token:eyJhbGciOiJIUzI1NiJ9.eyJuYW1lIjoiemhhbmdzYW4iLCJpZCI6MSwiZXhwIjoxNzA5MTc4ODMzfQ.zp5VoIIUNLfVskIHUBUEPbamgEGvhiZrC_S-4Gvhu0s
2024-02-29 10:56:49.087  INFO 44052 --- [http-nio-8080-exec-2] com.bite.blog.config.LoginInterceptor    : 从header中获取token, token:null
2024-02-29 10:56:58.826  INFO 44052 --- [http-nio-8080-exec-4] com.bite.blog.config.LoginInterceptor    : 从header中获取token, token:null
2024-02-29 10:56:58.851  INFO 44052 --- [http-nio-8080-exec-6] com.bite.blog.config.LoginInterceptor    : 从header中获取token, token:eyJhbGciOiJIUzI1NiJ9.eyJuYW1lIjoiemhhbmdzYW4iLCJpZCI6MSwiZXhwIjoxNzA5MTc4ODMzfQ.zp5VoIIUNLfVskIHUBUEPbamgEGvhiZrC_S-4Gvhu0s
2024-02-29 10:56:58.851  INFO 44052 --- [http-nio-8080-exec-7] com.bite.blog.config.LoginInterceptor    : 从header中获取token, token:eyJhbGciOiJIUzI1NiJ9.eyJuYW1lIjoiemhhbmdzYW4iLCJpZCI6MSwiZXhwIjoxNzA5MTc4ODMzfQ.zp5VoIIUNLfVskIHUBUEPbamgEGvhiZrC_S-4Gvhu0s
2024-02-29 10:57:00.261  INFO 44052 --- [http-nio-8080-exec-8] com.bite.blog.config.LoginInterceptor    : 从header中获取token, token:null
2024-02-29 10:57:02.534  INFO 44052 --- [http-nio-8080-exec-10] com.bite.blog.config.LoginInterceptor    : 从header中获取token, token:null
2024-02-29 10:57:18.435  INFO 44052 --- [SpringApplicationShutdownHook] com.zaxxer.hikari.HikariDataSource       : HikariPool-1 - Shutdown initiated...
2024-02-29 10:57:18.447  INFO 44052 --- [SpringApplicationShutdownHook] com.zaxxer.hikari.HikariDataSource       : HikariPool-1 - Shutdown completed.
